<?xml version="1.0" encoding="UTF-8"?>
<testng-results skipped="0" failed="0" total="3" passed="3">
  <reporter-output>
  </reporter-output>
  <suite name="fr.thumbnailsdb.ThumbStoreTest" duration-ms="2358" started-at="2015-11-30T13:41:55Z" finished-at="2015-11-30T13:41:57Z">
    <groups>
    </groups>
    <test name="Command line test" duration-ms="2358" started-at="2015-11-30T13:41:55Z" finished-at="2015-11-30T13:41:57Z">
      <class name="fr.thumbnailsdb.ThumbStoreTest">
        <test-method status="PASS" signature="createTempDir()" name="createTempDir" is-config="true" duration-ms="403" started-at="2015-11-30T13:41:55Z" finished-at="2015-11-30T13:41:55Z">
        </test-method>
        <test-method status="PASS" signature="testIndexing()" name="testIndexing" duration-ms="740" started-at="2015-11-30T13:41:55Z" finished-at="2015-11-30T13:41:56Z">
        </test-method>
        <test-method status="PASS" signature="testIdenticalImage()" name="testIdenticalImage" duration-ms="525" started-at="2015-11-30T13:41:56Z" depends-on-methods="fr.thumbnailsdb.ThumbStoreTest.testIndexing" finished-at="2015-11-30T13:41:56Z">
        </test-method>
        <test-method status="PASS" signature="testSimilarImage()" name="testSimilarImage" duration-ms="669" started-at="2015-11-30T13:41:56Z" depends-on-methods="fr.thumbnailsdb.ThumbStoreTest.testIndexing" finished-at="2015-11-30T13:41:57Z">
        </test-method>
      </class>
    </test>
  </suite>
</testng-results>
