<?xml version="1.0" encoding="UTF-8"?>
<testng-results skipped="0" failed="0" total="23" passed="23">
  <reporter-output>
  </reporter-output>
  <suite name="Command line suite" duration-ms="8229" started-at="2016-02-20T17:59:46Z" finished-at="2016-02-20T17:59:54Z">
    <groups>
    </groups>
    <test name="Command line test" duration-ms="8229" started-at="2016-02-20T17:59:46Z" finished-at="2016-02-20T17:59:54Z">
      <class name="fr.thumbnailsdb.PreloadedDescriptorsTest">
        <test-method status="PASS" signature="createTempDir()" name="createTempDir" is-config="true" duration-ms="370" started-at="2016-02-20T17:59:52Z" finished-at="2016-02-20T17:59:52Z">
        </test-method>
        <test-method status="PASS" signature="testPreLoadedDescriptorExists()" name="testPreLoadedDescriptorExists" duration-ms="0" started-at="2016-02-20T17:59:52Z" finished-at="2016-02-20T17:59:52Z">
        </test-method>
        <test-method status="PASS" signature="testPreloadingOfDescriptors()" name="testPreloadingOfDescriptors" duration-ms="647" started-at="2016-02-20T17:59:52Z" depends-on-methods="fr.thumbnailsdb.PreloadedDescriptorsTest.testPreLoadedDescriptorExists" finished-at="2016-02-20T17:59:53Z">
        </test-method>
        <test-method status="PASS" signature="testPreloadedDescriptorFlush()" name="testPreloadedDescriptorFlush" duration-ms="1" started-at="2016-02-20T17:59:53Z" depends-on-methods="fr.thumbnailsdb.PreloadedDescriptorsTest.testPreloadingOfDescriptors" finished-at="2016-02-20T17:59:53Z">
        </test-method>
        <test-method status="PASS" signature="testRemovingDescriptor()" name="testRemovingDescriptor" duration-ms="15" started-at="2016-02-20T17:59:53Z" depends-on-methods="fr.thumbnailsdb.PreloadedDescriptorsTest.testPreloadingOfDescriptors" finished-at="2016-02-20T17:59:53Z">
        </test-method>
        <test-method status="PASS" signature="deleteDir()" name="deleteDir" is-config="true" duration-ms="1" started-at="2016-02-20T17:59:53Z" finished-at="2016-02-20T17:59:53Z">
        </test-method>
      </class>
      <class name="fr.thumbnailsdb.KbitLSHTest">
        <test-method status="PASS" signature="testHash()" name="testHash" duration-ms="1" started-at="2016-02-20T17:59:53Z" finished-at="2016-02-20T17:59:53Z">
        </test-method>
      </class>
      <class name="fr.thumbnailsdb.PersistentLSHTest">
        <test-method status="PASS" signature="init()" name="init" is-config="true" duration-ms="165" started-at="2016-02-20T17:59:51Z" finished-at="2016-02-20T17:59:51Z">
        </test-method>
        <test-method status="PASS" signature="testExists()" name="testExists" duration-ms="0" started-at="2016-02-20T17:59:51Z" finished-at="2016-02-20T17:59:51Z">
        </test-method>
        <test-method status="PASS" signature="testAdd()" name="testAdd" duration-ms="243" started-at="2016-02-20T17:59:51Z" depends-on-methods="fr.thumbnailsdb.PersistentLSHTest.testExists" finished-at="2016-02-20T17:59:51Z">
        </test-method>
        <test-method status="PASS" signature="testLookupCandidates()" name="testLookupCandidates" duration-ms="4" started-at="2016-02-20T17:59:51Z" depends-on-methods="fr.thumbnailsdb.PersistentLSHTest.testAdd" finished-at="2016-02-20T17:59:51Z">
        </test-method>
        <test-method status="PASS" signature="testClear()" name="testClear" duration-ms="131" started-at="2016-02-20T17:59:51Z" depends-on-methods="fr.thumbnailsdb.PersistentLSHTest.testLookupCandidates" finished-at="2016-02-20T17:59:52Z">
        </test-method>
        <test-method status="PASS" signature="clean()" name="clean" is-config="true" duration-ms="0" started-at="2016-02-20T17:59:52Z" finished-at="2016-02-20T17:59:52Z">
        </test-method>
      </class>
      <class name="fr.thumbnailsdb.FixedBitSetTest">
        <test-method status="PASS" signature="testHashFormate()" name="testHashFormate" duration-ms="0" started-at="2016-02-20T17:59:53Z" finished-at="2016-02-20T17:59:53Z">
        </test-method>
        <test-method status="PASS" signature="testHashToBitSitConversion()" name="testHashToBitSitConversion" duration-ms="0" started-at="2016-02-20T17:59:53Z" finished-at="2016-02-20T17:59:53Z">
        </test-method>
      </class>
      <class name="fr.thumbnailsdb.DiskWatcherTest">
        <test-method status="PASS" signature="createTempDir()" name="createTempDir" is-config="true" duration-ms="10" started-at="2016-02-20T17:59:47Z" finished-at="2016-02-20T17:59:47Z">
        </test-method>
        <test-method status="PASS" signature="testCreateFile()" name="testCreateFile" duration-ms="2004" started-at="2016-02-20T17:59:47Z" finished-at="2016-02-20T17:59:49Z">
        </test-method>
        <test-method status="PASS" signature="testDeleteFile()" name="testDeleteFile" duration-ms="2001" started-at="2016-02-20T17:59:49Z" depends-on-methods="fr.thumbnailsdb.DiskWatcherTest.testCreateFile" finished-at="2016-02-20T17:59:51Z">
        </test-method>
        <test-method status="PASS" signature="deleteDir()" name="deleteDir" is-config="true" duration-ms="1" started-at="2016-02-20T17:59:51Z" finished-at="2016-02-20T17:59:51Z">
        </test-method>
      </class>
      <class name="fr.thumbnailsdb.CandidatePriorityQueueTest">
        <test-method status="PASS" signature="init()" name="init" is-config="true" duration-ms="10" started-at="2016-02-20T17:59:46Z" finished-at="2016-02-20T17:59:46Z">
        </test-method>
        <test-method status="PASS" signature="testAdd()" name="testAdd" duration-ms="5" started-at="2016-02-20T17:59:46Z" finished-at="2016-02-20T17:59:46Z">
        </test-method>
        <test-method status="PASS" signature="testPeek()" name="testPeek" duration-ms="1" started-at="2016-02-20T17:59:46Z" depends-on-methods="fr.thumbnailsdb.CandidatePriorityQueueTest.testAdd" finished-at="2016-02-20T17:59:46Z">
        </test-method>
        <test-method status="PASS" signature="clear()" name="clear" is-config="true" duration-ms="0" started-at="2016-02-20T17:59:46Z" finished-at="2016-02-20T17:59:46Z">
        </test-method>
      </class>
      <class name="fr.thumbnailsdb.MediaIndexerTest">
        <test-method status="PASS" signature="createTempDir()" name="createTempDir" is-config="true" duration-ms="135" started-at="2016-02-20T17:59:53Z" finished-at="2016-02-20T17:59:53Z">
        </test-method>
        <test-method status="PASS" signature="testIndexing()" name="testIndexing" duration-ms="334" started-at="2016-02-20T17:59:53Z" finished-at="2016-02-20T17:59:53Z">
        </test-method>
        <test-method status="PASS" signature="deleteDir()" name="deleteDir" is-config="true" duration-ms="1" started-at="2016-02-20T17:59:53Z" finished-at="2016-02-20T17:59:53Z">
        </test-method>
      </class>
      <class name="fr.thumbnailsdb.DBManagerTest">
        <test-method status="PASS" signature="createTempDir()" name="createTempDir" is-config="true" duration-ms="454" started-at="2016-02-20T17:59:46Z" finished-at="2016-02-20T17:59:47Z">
        </test-method>
        <test-method status="PASS" signature="testDBConnection()" name="testDBConnection" duration-ms="0" started-at="2016-02-20T17:59:47Z" finished-at="2016-02-20T17:59:47Z">
        </test-method>
        <test-method status="PASS" signature="testAddIndexedPath()" name="testAddIndexedPath" duration-ms="4" started-at="2016-02-20T17:59:47Z" depends-on-methods="fr.thumbnailsdb.DBManagerTest.testDBConnection" finished-at="2016-02-20T17:59:47Z">
        </test-method>
        <test-method status="PASS" signature="testSaveToDB()" name="testSaveToDB" duration-ms="231" started-at="2016-02-20T17:59:47Z" depends-on-methods="fr.thumbnailsdb.DBManagerTest.testAddIndexedPath" finished-at="2016-02-20T17:59:47Z">
        </test-method>
        <test-method status="PASS" signature="testDeleteIndexedPath()" name="testDeleteIndexedPath" duration-ms="0" started-at="2016-02-20T17:59:47Z" depends-on-methods="fr.thumbnailsdb.DBManagerTest.testSaveToDB" finished-at="2016-02-20T17:59:47Z">
        </test-method>
        <test-method status="PASS" signature="deleteDir()" name="deleteDir" is-config="true" duration-ms="2" started-at="2016-02-20T17:59:47Z" finished-at="2016-02-20T17:59:47Z">
        </test-method>
      </class>
      <class name="fr.thumbnailsdb.SimilarImageFinderTest">
        <test-method status="PASS" signature="createTempDir()" name="createTempDir" is-config="true" duration-ms="440" started-at="2016-02-20T17:59:53Z" finished-at="2016-02-20T17:59:53Z">
        </test-method>
        <test-method status="PASS" signature="testIdenticalImage()" name="testIdenticalImage" duration-ms="384" started-at="2016-02-20T17:59:53Z" finished-at="2016-02-20T17:59:54Z">
        </test-method>
        <test-method status="PASS" signature="testSimilarImage()" name="testSimilarImage" duration-ms="576" started-at="2016-02-20T17:59:54Z" finished-at="2016-02-20T17:59:54Z">
        </test-method>
        <test-method status="PASS" signature="deleteDir()" name="deleteDir" is-config="true" duration-ms="13" started-at="2016-02-20T17:59:54Z" finished-at="2016-02-20T17:59:54Z">
        </test-method>
      </class>
      <class name="fr.thumbnailsdb.CandidateTest">
        <test-method status="PASS" signature="candidateEqualityTest()" name="candidateEqualityTest" duration-ms="1" started-at="2016-02-20T17:59:53Z" finished-at="2016-02-20T17:59:53Z">
        </test-method>
      </class>
    </test>
  </suite>
</testng-results>
