<?xml version="1.0" encoding="UTF-8" ?>
<testsuite tests="23" failures="0" name="TestSuite" time="8.682" errors="0" skipped="0">
  <properties>
[...]
</properties>
  <testcase classname="fr.thumbnailsdb.CandidatePriorityQueueTest" name="testAdd" time="0.004"/>
  <testcase classname="fr.thumbnailsdb.CandidatePriorityQueueTest" name="testPeek" time="0"/>
  <testcase classname="fr.thumbnailsdb.DBManagerTest" name="testDBConnection" time="0"/>
  <testcase classname="fr.thumbnailsdb.DBManagerTest" name="testAddIndexedPath" time="0.003"/>
  <testcase classname="fr.thumbnailsdb.DBManagerTest" name="testSaveToDB" time="0.231"/>
  <testcase classname="fr.thumbnailsdb.DBManagerTest" name="testDeleteIndexedPath" time="0.001"/>
  <testcase classname="fr.thumbnailsdb.DiskWatcherTest" name="testCreateFile" time="2.004"/>
  <testcase classname="fr.thumbnailsdb.DiskWatcherTest" name="testDeleteFile" time="2.002"/>
  <testcase classname="fr.thumbnailsdb.PersistentLSHTest" name="testExists" time="0.001"/>
  <testcase classname="fr.thumbnailsdb.PersistentLSHTest" name="testAdd" time="0.243"/>
  <testcase classname="fr.thumbnailsdb.PersistentLSHTest" name="testLookupCandidates" time="0.005"/>
  <testcase classname="fr.thumbnailsdb.PersistentLSHTest" name="testClear" time="0.132"/>
  <testcase classname="fr.thumbnailsdb.PreloadedDescriptorsTest" name="testPreLoadedDescriptorExists" time="0"/>
  <testcase classname="fr.thumbnailsdb.PreloadedDescriptorsTest" name="testPreloadingOfDescriptors" time="0.647"/>
  <testcase classname="fr.thumbnailsdb.PreloadedDescriptorsTest" name="testPreloadedDescriptorFlush" time="0.001"/>
  <testcase classname="fr.thumbnailsdb.PreloadedDescriptorsTest" name="testRemovingDescriptor" time="0.015"/>
  <testcase classname="fr.thumbnailsdb.CandidateTest" name="candidateEqualityTest" time="0.001"/>
  <testcase classname="fr.thumbnailsdb.FixedBitSetTest" name="testHashFormate" time="0.001"/>
  <testcase classname="fr.thumbnailsdb.FixedBitSetTest" name="testHashToBitSitConversion" time="0"/>
  <testcase classname="fr.thumbnailsdb.KbitLSHTest" name="testHash" time="0"/>
  <testcase classname="fr.thumbnailsdb.MediaIndexerTest" name="testIndexing" time="0.334"/>
  <testcase classname="fr.thumbnailsdb.SimilarImageFinderTest" name="testIdenticalImage" time="0.379"/>
  <testcase classname="fr.thumbnailsdb.SimilarImageFinderTest" name="testSimilarImage" time="0.576"/>
</testsuite>