<?xml version="1.0" encoding="UTF-8"?>
<testsuite hostname="mohannad-pc" name="fr.thumbnailsdb.CandidatePriorityQueueTest" tests="23" failures="0" timestamp="29 Feb 2016 09:01:11 GMT" time="8.891" errors="0">
  <testcase name="testAdd" time="0.005" classname="fr.thumbnailsdb.CandidatePriorityQueueTest"/>
  <testcase name="testPeek" time="0.001" classname="fr.thumbnailsdb.CandidatePriorityQueueTest"/>
  <testcase name="testDBConnection" time="0.001" classname="fr.thumbnailsdb.DBManagerTest"/>
  <testcase name="testAddIndexedPath" time="0.005" classname="fr.thumbnailsdb.DBManagerTest"/>
  <testcase name="testSaveToDB" time="0.261" classname="fr.thumbnailsdb.DBManagerTest"/>
  <testcase name="testDeleteIndexedPath" time="0.001" classname="fr.thumbnailsdb.DBManagerTest"/>
  <testcase name="testCreateFile" time="2.01" classname="fr.thumbnailsdb.DiskWatcherTest"/>
  <testcase name="testDeleteFile" time="2.001" classname="fr.thumbnailsdb.DiskWatcherTest"/>
  <testcase name="testExists" time="0.001" classname="fr.thumbnailsdb.PersistentLSHTest"/>
  <testcase name="testAdd" time="0.236" classname="fr.thumbnailsdb.PersistentLSHTest"/>
  <testcase name="testLookupCandidates" time="0.017" classname="fr.thumbnailsdb.PersistentLSHTest"/>
  <testcase name="testClear" time="0.098" classname="fr.thumbnailsdb.PersistentLSHTest"/>
  <testcase name="testPreLoadedDescriptorExists" time="0.001" classname="fr.thumbnailsdb.PreloadedDescriptorsTest"/>
  <testcase name="testPreloadingOfDescriptors" time="0.893" classname="fr.thumbnailsdb.PreloadedDescriptorsTest"/>
  <testcase name="testPreloadedDescriptorFlush" time="0.0" classname="fr.thumbnailsdb.PreloadedDescriptorsTest"/>
  <testcase name="testRemovingDescriptor" time="0.029" classname="fr.thumbnailsdb.PreloadedDescriptorsTest"/>
  <testcase name="candidateEqualityTest" time="0.001" classname="fr.thumbnailsdb.CandidateTest"/>
  <testcase name="testHashFormate" time="0.001" classname="fr.thumbnailsdb.FixedBitSetTest"/>
  <testcase name="testHashToBitSitConversion" time="0.001" classname="fr.thumbnailsdb.FixedBitSetTest"/>
  <testcase name="testHash" time="0.0" classname="fr.thumbnailsdb.KbitLSHTest"/>
  <testcase name="testIndexing" time="0.324" classname="fr.thumbnailsdb.MediaIndexerTest"/>
  <testcase name="testIdenticalImage" time="0.395" classname="fr.thumbnailsdb.SimilarImageFinderTest"/>
  <testcase name="testSimilarImage" time="0.552" classname="fr.thumbnailsdb.SimilarImageFinderTest"/>
</testsuite>
